-------------------------------------------------------------------------------
Test set: org.impelsys.SpringBootDemo.SpringBootDemoApplicationTests
-------------------------------------------------------------------------------
Tests run: 1, Failures: 0, Errors: 1, Skipped: 0, Time elapsed: 1.455 s <<< FAILURE! - in org.impelsys.SpringBootDemo.SpringBootDemoApplicationTests
contextLoads  Time elapsed: 0.002 s  <<< ERROR!
java.lang.IllegalStateException: Failed to load ApplicationContext
Caused by: org.springframework.beans.factory.BeanCreationException: Error creating bean with name 'myAppSecurity': Injection of autowired dependencies failed; nested exception is org.springframework.beans.factory.NoSuchBeanDefinitionException: No qualifying bean of type 'org.springframework.security.config.annotation.ObjectPostProcessor<?>' available
Caused by: org.springframework.beans.factory.NoSuchBeanDefinitionException: No qualifying bean of type 'org.springframework.security.config.annotation.ObjectPostProcessor<?>' available

